app/build/intermediates/manifest_merge_blame_file/debug/manifest-merger-blame-debug-report.txt
1<?xml version="1.0" encoding="utf-8"?>
2<manifest xmlns:android="http://schemas.android.com/apk/res/android"
3    package="com.amanakashcorporatio.ecomstore"
4    android:versionCode="3"
5    android:versionName="4.0.14" >
6
7    <uses-sdk
7-->src\main\AndroidManifest.xml:25:5-26:107
8        android:minSdkVersion="21"
8-->src\main\AndroidManifest.xml:25:5-26:107
9        android:targetSdkVersion="29" />
9-->src\main\AndroidManifest.xml:25:5-26:107
10
11    <uses-permission android:name="android.permission.CAMERA" />
11-->src\main\AndroidManifest.xml:6:5-65
11-->src\main\AndroidManifest.xml:6:22-62
12    <uses-permission android:name="android.permission.INTERNET" />
12-->src\main\AndroidManifest.xml:7:5-67
12-->src\main\AndroidManifest.xml:7:22-64
13    <!--
14    <uses-permission android:name="android.permission.READ_SMS" />
15    <uses-permission android:name="android.permission.RECEIVE_SMS" />
16    -->
17    <uses-permission android:name="android.permission.ACCESS_WIFI_STATE" />
17-->src\main\AndroidManifest.xml:10:5-76
17-->src\main\AndroidManifest.xml:10:22-73
18    <uses-permission android:name="android.permission.ACCESS_NETWORK_STATE" />
18-->src\main\AndroidManifest.xml:11:5-79
18-->src\main\AndroidManifest.xml:11:22-76
19    <uses-permission android:name="android.permission.READ_EXTERNAL_STORAGE" />
19-->src\main\AndroidManifest.xml:12:5-80
19-->src\main\AndroidManifest.xml:12:22-77
20    <uses-permission android:name="android.permission.READ_PRIVILEGED_PHONE_STATE" />
20-->src\main\AndroidManifest.xml:13:5-86
20-->src\main\AndroidManifest.xml:13:22-83
21    <uses-permission android:name="android.permission.WRITE_EXTERNAL_STORAGE" />
21-->src\main\AndroidManifest.xml:14:5-81
21-->src\main\AndroidManifest.xml:14:22-78
22    <uses-permission android:name="android.permission.READ_PHONE_STATE" />
22-->src\main\AndroidManifest.xml:15:5-75
22-->src\main\AndroidManifest.xml:15:22-72
23    <uses-permission android:name="android.permission.SYSTEM_ALERT_WINDOW" />
23-->src\main\AndroidManifest.xml:16:5-78
23-->src\main\AndroidManifest.xml:16:22-75
24    <uses-permission android:name="android.permission.ACCESS_FINE_LOCATION" />
24-->src\main\AndroidManifest.xml:17:5-79
24-->src\main\AndroidManifest.xml:17:22-76
25    <uses-permission android:name="android.permission.ACCESS_COARSE_LOCATION" />
25-->src\main\AndroidManifest.xml:18:5-81
25-->src\main\AndroidManifest.xml:18:22-78
26    <!-- Needed only if your app targets Android 5.0 (API level 21) or higher. -->
27    <uses-feature android:name="android.hardware.location.gps" />
27-->src\main\AndroidManifest.xml:20:5-66
27-->src\main\AndroidManifest.xml:20:19-63
28
29    <uses-permission android:name="android.permission.RECEIVE_BOOT_COMPLETED" />
29-->src\main\AndroidManifest.xml:21:5-81
29-->src\main\AndroidManifest.xml:21:22-78
30    <uses-permission android:name="android.permission.WRITE_SETTINGS" />
30-->src\main\AndroidManifest.xml:22:5-23:47
30-->src\main\AndroidManifest.xml:22:22-70
31
32    <!-- Require below permissions for reading sms and otp assist feature -->
33    <!--
34    <uses-permission android:name="android.permission.READ_SMS" />
35    <uses-permission android:name="android.permission.READ_PHONE_STATE" />
36    -->
37    <uses-feature
37-->[com.payumoney.core:payumoney-sdk:7.6.0] AndroidManifest.xml:24:5-26:36
38        android:name="android.hardware.telephony"
38-->[com.payumoney.core:payumoney-sdk:7.6.0] AndroidManifest.xml:25:9-50
39        android:required="false" /> <!-- Create a unique permission for your app and use it so only your app can receive your OneSignal messages. -->
39-->[com.payumoney.core:payumoney-sdk:7.6.0] AndroidManifest.xml:26:9-33
40    <permission
40-->[com.onesignal:OneSignal:3.9.1] AndroidManifest.xml:8:5-10:47
41        android:name="com.amanakashcorporatio.ecomstore.permission.C2D_MESSAGE"
41-->[com.onesignal:OneSignal:3.9.1] AndroidManifest.xml:9:9-63
42        android:protectionLevel="signature" />
42-->[com.onesignal:OneSignal:3.9.1] AndroidManifest.xml:10:9-44
43
44    <uses-permission android:name="com.amanakashcorporatio.ecomstore.permission.C2D_MESSAGE" />
44-->[com.onesignal:OneSignal:3.9.1] AndroidManifest.xml:12:5-79
44-->[com.onesignal:OneSignal:3.9.1] AndroidManifest.xml:12:22-76
45    <uses-permission android:name="com.google.android.c2dm.permission.RECEIVE" /> <!-- Required, makes sure notifications are delivered on time. -->
45-->[com.onesignal:OneSignal:3.9.1] AndroidManifest.xml:18:5-82
45-->[com.onesignal:OneSignal:3.9.1] AndroidManifest.xml:18:22-79
46    <uses-permission android:name="android.permission.WAKE_LOCK" />
46-->[com.onesignal:OneSignal:3.9.1] AndroidManifest.xml:19:5-68
46-->[com.onesignal:OneSignal:3.9.1] AndroidManifest.xml:19:22-65
47    <!--
48 Required so the device vibrates on receiving a push notification.
49         Vibration settings of the device still apply.
50    -->
51    <uses-permission android:name="android.permission.VIBRATE" /> <!-- START: ShortcutBadger -->
51-->[com.onesignal:OneSignal:3.9.1] AndroidManifest.xml:24:5-66
51-->[com.onesignal:OneSignal:3.9.1] AndroidManifest.xml:24:22-63
52    <!-- Samsung -->
53    <uses-permission android:name="com.sec.android.provider.badge.permission.READ" />
53-->[com.onesignal:OneSignal:3.9.1] AndroidManifest.xml:32:5-86
53-->[com.onesignal:OneSignal:3.9.1] AndroidManifest.xml:32:22-83
54    <uses-permission android:name="com.sec.android.provider.badge.permission.WRITE" /> <!-- HTC -->
54-->[com.onesignal:OneSignal:3.9.1] AndroidManifest.xml:33:5-87
54-->[com.onesignal:OneSignal:3.9.1] AndroidManifest.xml:33:22-84
55    <uses-permission android:name="com.htc.launcher.permission.READ_SETTINGS" />
55-->[com.onesignal:OneSignal:3.9.1] AndroidManifest.xml:34:5-81
55-->[com.onesignal:OneSignal:3.9.1] AndroidManifest.xml:34:22-78
56    <uses-permission android:name="com.htc.launcher.permission.UPDATE_SHORTCUT" /> <!-- Sony -->
56-->[com.onesignal:OneSignal:3.9.1] AndroidManifest.xml:35:5-83
56-->[com.onesignal:OneSignal:3.9.1] AndroidManifest.xml:35:22-80
57    <uses-permission android:name="com.sonyericsson.home.permission.BROADCAST_BADGE" />
57-->[com.onesignal:OneSignal:3.9.1] AndroidManifest.xml:36:5-88
57-->[com.onesignal:OneSignal:3.9.1] AndroidManifest.xml:36:22-85
58    <uses-permission android:name="com.sonymobile.home.permission.PROVIDER_INSERT_BADGE" /> <!-- Apex -->
58-->[com.onesignal:OneSignal:3.9.1] AndroidManifest.xml:37:5-92
58-->[com.onesignal:OneSignal:3.9.1] AndroidManifest.xml:37:22-89
59    <uses-permission android:name="com.anddoes.launcher.permission.UPDATE_COUNT" /> <!-- Solid -->
59-->[com.onesignal:OneSignal:3.9.1] AndroidManifest.xml:38:5-84
59-->[com.onesignal:OneSignal:3.9.1] AndroidManifest.xml:38:22-81
60    <uses-permission android:name="com.majeur.launcher.permission.UPDATE_BADGE" /> <!-- Huawei -->
60-->[com.onesignal:OneSignal:3.9.1] AndroidManifest.xml:39:5-83
60-->[com.onesignal:OneSignal:3.9.1] AndroidManifest.xml:39:22-80
61    <uses-permission android:name="com.huawei.android.launcher.permission.CHANGE_BADGE" />
61-->[com.onesignal:OneSignal:3.9.1] AndroidManifest.xml:40:5-91
61-->[com.onesignal:OneSignal:3.9.1] AndroidManifest.xml:40:22-88
62    <uses-permission android:name="com.huawei.android.launcher.permission.READ_SETTINGS" />
62-->[com.onesignal:OneSignal:3.9.1] AndroidManifest.xml:41:5-92
62-->[com.onesignal:OneSignal:3.9.1] AndroidManifest.xml:41:22-89
63    <uses-permission android:name="com.huawei.android.launcher.permission.WRITE_SETTINGS" /> <!-- ZUK -->
63-->[com.onesignal:OneSignal:3.9.1] AndroidManifest.xml:42:5-93
63-->[com.onesignal:OneSignal:3.9.1] AndroidManifest.xml:42:22-90
64    <uses-permission android:name="android.permission.READ_APP_BADGE" /> <!-- OPPO -->
64-->[com.onesignal:OneSignal:3.9.1] AndroidManifest.xml:43:5-73
64-->[com.onesignal:OneSignal:3.9.1] AndroidManifest.xml:43:22-70
65    <uses-permission android:name="com.oppo.launcher.permission.READ_SETTINGS" />
65-->[com.onesignal:OneSignal:3.9.1] AndroidManifest.xml:44:5-82
65-->[com.onesignal:OneSignal:3.9.1] AndroidManifest.xml:44:22-79
66    <uses-permission android:name="com.oppo.launcher.permission.WRITE_SETTINGS" /> <!-- EvMe -->
66-->[com.onesignal:OneSignal:3.9.1] AndroidManifest.xml:45:5-83
66-->[com.onesignal:OneSignal:3.9.1] AndroidManifest.xml:45:22-80
67    <uses-permission android:name="me.everything.badger.permission.BADGE_COUNT_READ" />
67-->[com.onesignal:OneSignal:3.9.1] AndroidManifest.xml:46:5-88
67-->[com.onesignal:OneSignal:3.9.1] AndroidManifest.xml:46:22-85
68    <uses-permission android:name="me.everything.badger.permission.BADGE_COUNT_WRITE" />
68-->[com.onesignal:OneSignal:3.9.1] AndroidManifest.xml:47:5-89
68-->[com.onesignal:OneSignal:3.9.1] AndroidManifest.xml:47:22-86
69
70    <uses-feature
70-->[com.google.android.gms:play-services-maps:17.0.0] AndroidManifest.xml:26:5-28:35
71        android:glEsVersion="0x00020000"
71-->[com.google.android.gms:play-services-maps:17.0.0] AndroidManifest.xml:27:9-41
72        android:required="true" />
72-->[com.google.android.gms:play-services-maps:17.0.0] AndroidManifest.xml:28:9-32
73
74    <uses-permission android:name="android.permission.CHANGE_WIFI_STATE" />
74-->[am.appwise.components:NoInternetDialog:1.1.3] AndroidManifest.xml:14:5-76
74-->[am.appwise.components:NoInternetDialog:1.1.3] AndroidManifest.xml:14:22-73
75    <uses-permission android:name="com.google.android.finsky.permission.BIND_GET_INSTALL_REFERRER_SERVICE" />
75-->[com.google.android.gms:play-services-measurement:18.0.2] AndroidManifest.xml:26:5-110
75-->[com.google.android.gms:play-services-measurement:18.0.2] AndroidManifest.xml:26:22-107
76
77    <uses-feature
77-->[io.card:android-sdk:5.5.1] AndroidManifest.xml:12:5-14:36
78        android:name="android.hardware.camera"
78-->[io.card:android-sdk:5.5.1] AndroidManifest.xml:13:9-47
79        android:required="false" />
79-->[io.card:android-sdk:5.5.1] AndroidManifest.xml:14:9-33
80    <uses-feature
80-->[io.card:android-sdk:5.5.1] AndroidManifest.xml:15:5-17:36
81        android:name="android.hardware.camera.autofocus"
81-->[io.card:android-sdk:5.5.1] AndroidManifest.xml:16:9-57
82        android:required="false" />
82-->[io.card:android-sdk:5.5.1] AndroidManifest.xml:17:9-33
83
84    <application
84-->src\main\AndroidManifest.xml:28:5-179:19
85        android:name="com.themescoder.androidstore.app.App"
85-->src\main\AndroidManifest.xml:29:9-60
86        android:allowBackup="false"
86-->src\main\AndroidManifest.xml:30:9-36
87        android:appComponentFactory="androidx.core.app.CoreComponentFactory"
87-->[androidx.core:core:1.0.1] AndroidManifest.xml:22:18-86
88        android:debuggable="true"
89        android:fullBackupContent="false"
89-->src\main\AndroidManifest.xml:31:9-42
90        android:hardwareAccelerated="true"
90-->src\main\AndroidManifest.xml:36:9-43
91        android:icon="@mipmap/ic_launcher_foreground"
91-->src\main\AndroidManifest.xml:32:9-54
92        android:label="@string/app_name"
92-->src\main\AndroidManifest.xml:33:9-41
93        android:supportsRtl="true"
93-->src\main\AndroidManifest.xml:34:9-35
94        android:testOnly="true"
95        android:theme="@style/AppTheme"
95-->src\main\AndroidManifest.xml:35:9-40
96        android:usesCleartextTraffic="true"
96-->src\main\AndroidManifest.xml:37:9-44
97        android:windowSoftInputMode="adjustPan" >
97-->[com.payumoney.core:payumoney-sdk:7.6.0] AndroidManifest.xml:30:9-48
98        <meta-data
98-->src\main\AndroidManifest.xml:42:9-44:54
99            android:name="com.facebook.sdk.ApplicationId"
99-->src\main\AndroidManifest.xml:43:13-58
100            android:value="@string/facebook_app_id" />
100-->src\main\AndroidManifest.xml:44:13-52
101        <!--
102            <meta-data
103            android:name="com.google.android.maps.v2.API_KEY"
104            android:value="@string/google_api_app_id" />
105        -->
106
107
108        <!-- Editted by saud. above meta data tag does not works with place picker api. -->
109        <meta-data
109-->src\main\AndroidManifest.xml:50:9-52:56
110            android:name="com.google.android.geo.API_KEY"
110-->src\main\AndroidManifest.xml:51:13-58
111            android:value="@string/google_api_app_id" />
111-->src\main\AndroidManifest.xml:52:13-54
112        <!-- Editted by saud -->
113
114        <meta-data
114-->src\main\AndroidManifest.xml:55:9-57:52
115            android:name="com.google.firebase.messaging.default_notification_icon"
115-->src\main\AndroidManifest.xml:56:13-83
116            android:resource="@drawable/ic_logo" />
116-->src\main\AndroidManifest.xml:57:13-49
117        <!--
118            <meta-data
119            android:name="com.google.android.gms.ads.APPLICATION_ID"
120            android:value="@string/addmob_AppID" />
121        -->
122        <meta-data
122-->src\main\AndroidManifest.xml:61:9-63:58
123            android:name="instamojo.orderauth.url"
123-->src\main\AndroidManifest.xml:62:13-51
124            android:value="@string/instamojo_file_url" />
124-->src\main\AndroidManifest.xml:63:13-55
125
126        <!-- Razor Pay API_KEY -->
127        <!--
128            <meta-data
129            android:name="com.razorpay.ApiKey"
130            android:value="@string/razor_api_key"
131            />
132        -->
133
134        <provider
135            android:name="androidx.core.content.FileProvider"
135-->src\main\AndroidManifest.xml:73:13-62
136            android:authorities="com.amanakashcorporatio.ecomstore.provider"
136-->src\main\AndroidManifest.xml:74:13-60
137            android:exported="false"
137-->src\main\AndroidManifest.xml:75:13-37
138            android:grantUriPermissions="true" >
138-->src\main\AndroidManifest.xml:76:13-47
139            <meta-data
139-->src\main\AndroidManifest.xml:77:13-79:58
140                android:name="android.support.FILE_PROVIDER_PATHS"
140-->src\main\AndroidManifest.xml:78:17-67
141                android:resource="@xml/provider_paths" />
141-->src\main\AndroidManifest.xml:79:17-55
142        </provider>
143
144        <activity
144-->src\main\AndroidManifest.xml:83:9-95:20
145            android:name="com.themescoder.androidstore.activities.SplashScreen"
145-->src\main\AndroidManifest.xml:84:13-80
146            android:exported="true"
146-->src\main\AndroidManifest.xml:85:13-36
147            android:launchMode="singleTask"
147-->src\main\AndroidManifest.xml:86:13-44
148            android:screenOrientation="portrait"
148-->src\main\AndroidManifest.xml:87:13-49
149            android:theme="@style/MySplashScreen" >
149-->src\main\AndroidManifest.xml:89:13-50
150            <intent-filter>
150-->src\main\AndroidManifest.xml:91:13-94:29
151                <action android:name="android.intent.action.MAIN" />
151-->src\main\AndroidManifest.xml:92:17-69
151-->src\main\AndroidManifest.xml:92:25-66
152
153                <category android:name="android.intent.category.LAUNCHER" />
153-->src\main\AndroidManifest.xml:93:17-77
153-->src\main\AndroidManifest.xml:93:27-74
154            </intent-filter>
155        </activity>
156        <activity android:name="com.themescoder.androidstore.activities.IntroScreen" />
156-->src\main\AndroidManifest.xml:97:9-88
156-->src\main\AndroidManifest.xml:97:19-85
157        <activity
157-->src\main\AndroidManifest.xml:99:9-113:20
158            android:name="com.themescoder.androidstore.activities.MainActivity"
158-->src\main\AndroidManifest.xml:100:13-80
159            android:exported="true"
159-->src\main\AndroidManifest.xml:101:13-36
160            android:launchMode="singleTask"
160-->src\main\AndroidManifest.xml:102:13-44
161            android:screenOrientation="portrait"
161-->src\main\AndroidManifest.xml:103:13-49
162            android:windowSoftInputMode="adjustResize" >
162-->src\main\AndroidManifest.xml:105:13-55
163            <intent-filter>
163-->src\main\AndroidManifest.xml:107:13-112:29
164                <action android:name="android.intent.action.MAIN" />
164-->src\main\AndroidManifest.xml:92:17-69
164-->src\main\AndroidManifest.xml:92:25-66
165                <action android:name="android.intent.action.SEARCH" />
165-->src\main\AndroidManifest.xml:109:17-71
165-->src\main\AndroidManifest.xml:109:25-68
166
167                <category android:name="android.intent.category.DEFAULT" />
167-->src\main\AndroidManifest.xml:111:17-76
167-->src\main\AndroidManifest.xml:111:27-73
168            </intent-filter>
169        </activity>
170        <activity
170-->src\main\AndroidManifest.xml:115:9-120:58
171            android:name="com.themescoder.androidstore.activities.Login"
171-->src\main\AndroidManifest.xml:116:13-73
172            android:label=".activities.Login"
172-->src\main\AndroidManifest.xml:117:13-46
173            android:screenOrientation="portrait"
173-->src\main\AndroidManifest.xml:118:13-49
174            android:windowSoftInputMode="adjustResize" />
174-->src\main\AndroidManifest.xml:120:13-55
175        <activity
175-->src\main\AndroidManifest.xml:122:9-127:56
176            android:name="com.themescoder.androidstore.activities.Signup"
176-->src\main\AndroidManifest.xml:123:13-74
177            android:label=".activities.Signup"
177-->src\main\AndroidManifest.xml:124:13-47
178            android:screenOrientation="portrait"
178-->src\main\AndroidManifest.xml:125:13-49
179            android:windowSoftInputMode="adjustResize" />
179-->src\main\AndroidManifest.xml:126:13-55
180        <activity android:name="com.themescoder.androidstore.Maps.MapActivity" />
180-->src\main\AndroidManifest.xml:130:9-81
180-->src\main\AndroidManifest.xml:130:19-79
181        <activity android:name="com.amanakashcorporatio.ecomstore.activities.Order_Tracking_Activity" />
181-->src\main\AndroidManifest.xml:132:9-72
181-->src\main\AndroidManifest.xml:132:19-69
182
183        <!-- Facebook Activity -->
184
185        <activity
185-->src\main\AndroidManifest.xml:136:9-139:48
186            android:name="com.facebook.FacebookActivity"
186-->src\main\AndroidManifest.xml:137:13-57
187            android:configChanges="keyboard|keyboardHidden|screenLayout|screenSize|orientation"
187-->src\main\AndroidManifest.xml:138:13-96
188            android:label="@string/app_name"
188-->src\main\AndroidManifest.xml:139:13-45
189            android:theme="@style/com_facebook_activity_theme" />
189-->[com.facebook.android:facebook-common:4.42.0] AndroidManifest.xml:32:13-63
190
191        <!-- Braintree Activity -->
192
193        <activity
193-->src\main\AndroidManifest.xml:143:9-153:20
194            android:name="com.braintreepayments.api.BraintreeBrowserSwitchActivity"
194-->src\main\AndroidManifest.xml:144:13-84
195            android:launchMode="singleTask" >
195-->src\main\AndroidManifest.xml:145:13-44
196            <intent-filter>
196-->src\main\AndroidManifest.xml:146:13-152:29
197                <action android:name="android.intent.action.VIEW" />
197-->src\main\AndroidManifest.xml:147:17-69
197-->src\main\AndroidManifest.xml:147:25-66
198
199                <data android:scheme="com.amanakashcorporatio.ecomstore.braintree" />
199-->src\main\AndroidManifest.xml:148:23-66
200
201                <category android:name="android.intent.category.DEFAULT" />
201-->src\main\AndroidManifest.xml:111:17-76
201-->src\main\AndroidManifest.xml:111:27-73
202                <category android:name="android.intent.category.BROWSABLE" />
202-->src\main\AndroidManifest.xml:151:17-78
202-->src\main\AndroidManifest.xml:151:27-75
203            </intent-filter>
204        </activity>
205
206        <!-- Scheduled Notifications -->
207
208        <receiver
208-->src\main\AndroidManifest.xml:158:9-167:20
209            android:name="com.themescoder.androidstore.receivers.AlarmReceiver"
209-->src\main\AndroidManifest.xml:159:13-80
210            android:enabled="false" >
210-->src\main\AndroidManifest.xml:160:13-36
211            <intent-filter>
211-->src\main\AndroidManifest.xml:161:13-166:29
212                <category android:name="android.intent.category.APP_MARKET" />
212-->src\main\AndroidManifest.xml:162:17-79
212-->src\main\AndroidManifest.xml:162:27-76
213
214                <action android:name="android.intent.action.BOOT_COMPLETED" />
214-->src\main\AndroidManifest.xml:164:17-79
214-->src\main\AndroidManifest.xml:164:25-76
215                <action android:name="android.media.action.DISPLAY_NOTIFICATION" />
215-->src\main\AndroidManifest.xml:165:17-84
215-->src\main\AndroidManifest.xml:165:25-81
216            </intent-filter>
217        </receiver>
218
219        <!-- Firebase Notifications -->
220
221        <service android:name="com.themescoder.androidstore.services.MyFirebaseInstanceIDService" >
221-->src\main\AndroidManifest.xml:172:9-176:19
221-->src\main\AndroidManifest.xml:172:18-98
222            <intent-filter>
222-->src\main\AndroidManifest.xml:173:13-175:29
223                <action android:name="com.google.firebase.INSTANCE_ID_EVENT" />
223-->src\main\AndroidManifest.xml:174:17-80
223-->src\main\AndroidManifest.xml:174:25-77
224            </intent-filter>
225        </service>
226
227        <activity
227-->[com.braintreepayments.api:drop-in:3.7.1] AndroidManifest.xml:18:9-20:62
228            android:name="com.braintreepayments.api.threedsecure.ThreeDSecureWebViewActivity"
228-->[com.braintreepayments.api:drop-in:3.7.1] AndroidManifest.xml:19:13-94
229            android:theme="@style/bt_three_d_secure_theme" />
229-->[com.braintreepayments.api:drop-in:3.7.1] AndroidManifest.xml:20:13-59
230        <activity
230-->[com.braintreepayments.api:drop-in:3.7.1] AndroidManifest.xml:21:9-23:64
231            android:name="com.braintreepayments.api.dropin.DropInActivity"
231-->[com.braintreepayments.api:drop-in:3.7.1] AndroidManifest.xml:22:13-75
232            android:theme="@style/bt_drop_in_activity_theme" />
232-->[com.braintreepayments.api:drop-in:3.7.1] AndroidManifest.xml:23:13-61
233        <activity
233-->[com.braintreepayments.api:drop-in:3.7.1] AndroidManifest.xml:24:9-26:65
234            android:name="com.braintreepayments.api.dropin.AddCardActivity"
234-->[com.braintreepayments.api:drop-in:3.7.1] AndroidManifest.xml:25:13-76
235            android:theme="@style/bt_add_card_activity_theme" />
235-->[com.braintreepayments.api:drop-in:3.7.1] AndroidManifest.xml:26:13-62
236        <activity
236-->[com.braintreepayments.api:drop-in:3.7.1] AndroidManifest.xml:27:9-29:70
237            android:name="com.braintreepayments.api.dropin.VaultManagerActivity"
237-->[com.braintreepayments.api:drop-in:3.7.1] AndroidManifest.xml:28:13-81
238            android:theme="@style/bt_vault_manager_activity_theme" />
238-->[com.braintreepayments.api:drop-in:3.7.1] AndroidManifest.xml:29:13-67
239        <activity
239-->[com.payumoney.sdkui:plug-n-play:1.6.0] AndroidManifest.xml:19:9-24:55
240            android:name="com.payumoney.sdkui.ui.activities.PayUmoneyActivity"
240-->[com.payumoney.sdkui:plug-n-play:1.6.0] AndroidManifest.xml:20:13-79
241            android:label="@string/title_activity_citrus"
241-->[com.payumoney.sdkui:plug-n-play:1.6.0] AndroidManifest.xml:21:13-58
242            android:screenOrientation="portrait"
242-->[com.payumoney.sdkui:plug-n-play:1.6.0] AndroidManifest.xml:22:13-49
243            android:theme="@style/PayumoneyAppTheme"
243-->[com.payumoney.sdkui:plug-n-play:1.6.0] AndroidManifest.xml:23:13-53
244            android:windowSoftInputMode="adjustPan" />
244-->[com.payumoney.sdkui:plug-n-play:1.6.0] AndroidManifest.xml:24:13-52
245        <activity
245-->[com.payumoney.sdkui:plug-n-play:1.6.0] AndroidManifest.xml:25:9-28:56
246            android:name="com.payumoney.sdkui.ui.activities.ReviewOrderActivity"
246-->[com.payumoney.sdkui:plug-n-play:1.6.0] AndroidManifest.xml:26:13-81
247            android:screenOrientation="portrait"
247-->[com.payumoney.sdkui:plug-n-play:1.6.0] AndroidManifest.xml:27:13-49
248            android:theme="@style/PayumoneyAppTheme" />
248-->[com.payumoney.sdkui:plug-n-play:1.6.0] AndroidManifest.xml:28:13-53
249        <activity
249-->[com.payumoney.core:payumoney-sdk:7.6.0] AndroidManifest.xml:31:9-34:72
250            android:name="com.payumoney.core.SdkWebViewActivityNew"
250-->[com.payumoney.core:payumoney-sdk:7.6.0] AndroidManifest.xml:32:13-68
251            android:screenOrientation="portrait"
251-->[com.payumoney.core:payumoney-sdk:7.6.0] AndroidManifest.xml:33:13-49
252            android:theme="@style/Theme.AppCompat.Light.NoActionBar" />
252-->[com.payumoney.core:payumoney-sdk:7.6.0] AndroidManifest.xml:34:13-69
253        <activity
253-->[com.payumoney.core:payumoney-sdk:7.6.0] AndroidManifest.xml:35:9-40:59
254            android:name="com.payu.custombrowser.CBActivity"
254-->[com.payumoney.core:payumoney-sdk:7.6.0] AndroidManifest.xml:36:13-61
255            android:screenOrientation="portrait"
255-->[com.payumoney.core:payumoney-sdk:7.6.0] AndroidManifest.xml:37:13-49
256            android:theme="@style/Theme.AppCompat"
256-->[com.payumoney.core:payumoney-sdk:7.6.0] AndroidManifest.xml:38:13-51
257            android:windowSoftInputMode="stateAlwaysHidden" />
257-->[com.payumoney.core:payumoney-sdk:7.6.0] AndroidManifest.xml:39:13-60
258        <activity android:name="instamojo.library.Instamojo" >
258-->[ai.devsupport.instamojo:instamojolib:0.1.6] AndroidManifest.xml:14:9-15:20
258-->[ai.devsupport.instamojo:instamojolib:0.1.6] AndroidManifest.xml:14:19-61
259        </activity> <!-- Autocomplete -->
260        <activity
260-->[com.google.android.libraries.places:places:1.1.0] AndroidManifest.xml:16:9-23:20
261            android:name="com.google.android.libraries.places.widget.AutocompleteActivity"
261-->[com.google.android.libraries.places:places:1.1.0] AndroidManifest.xml:17:13-91
262            android:exported="false"
262-->[com.google.android.libraries.places:places:1.1.0] AndroidManifest.xml:18:13-37
263            android:hardwareAccelerated="true"
263-->[com.google.android.libraries.places:places:1.1.0] AndroidManifest.xml:19:13-47
264            android:label="@string/places_autocomplete_label"
264-->[com.google.android.libraries.places:places:1.1.0] AndroidManifest.xml:20:13-62
265            android:theme="@style/PlacesAutocompleteThemeOverlay"
265-->[com.google.android.libraries.places:places:1.1.0] AndroidManifest.xml:21:13-66
266            android:windowSoftInputMode="stateAlwaysVisible|adjustPan" >
266-->[com.google.android.libraries.places:places:1.1.0] AndroidManifest.xml:22:13-71
267        </activity>
268        <activity
268-->[com.instamojo:android-sdk:1.2.6] AndroidManifest.xml:15:9-26:20
269            android:name="com.instamojo.android.activities.PaymentDetailsActivity"
269-->[com.instamojo:android-sdk:1.2.6] AndroidManifest.xml:16:13-83
270            android:screenOrientation="portrait"
270-->[com.instamojo:android-sdk:1.2.6] AndroidManifest.xml:17:13-49
271            android:theme="@style/SdkTheme" >
271-->[com.instamojo:android-sdk:1.2.6] AndroidManifest.xml:18:13-44
272            <meta-data
272-->[com.instamojo:android-sdk:1.2.6] AndroidManifest.xml:19:13-21:54
273                android:name="android.app.searchable"
273-->[com.instamojo:android-sdk:1.2.6] AndroidManifest.xml:20:17-54
274                android:resource="@xml/searchable" />
274-->[com.instamojo:android-sdk:1.2.6] AndroidManifest.xml:21:17-51
275
276            <intent-filter>
276-->[com.instamojo:android-sdk:1.2.6] AndroidManifest.xml:23:13-25:29
277                <action android:name="android.intent.action.SEARCH" />
277-->src\main\AndroidManifest.xml:109:17-71
277-->src\main\AndroidManifest.xml:109:25-68
278            </intent-filter>
279        </activity>
280        <activity
280-->[com.instamojo:android-sdk:1.2.6] AndroidManifest.xml:27:9-33:58
281            android:name="com.instamojo.android.activities.PaymentActivity"
281-->[com.instamojo:android-sdk:1.2.6] AndroidManifest.xml:28:13-76
282            android:hardwareAccelerated="true"
282-->[com.instamojo:android-sdk:1.2.6] AndroidManifest.xml:29:13-47
283            android:label="Payment"
283-->[com.instamojo:android-sdk:1.2.6] AndroidManifest.xml:30:13-36
284            android:screenOrientation="portrait"
284-->[com.instamojo:android-sdk:1.2.6] AndroidManifest.xml:31:13-49
285            android:theme="@style/SdkTheme"
285-->[com.instamojo:android-sdk:1.2.6] AndroidManifest.xml:32:13-44
286            android:windowSoftInputMode="adjustResize" />
286-->[com.instamojo:android-sdk:1.2.6] AndroidManifest.xml:33:13-55
287        <activity android:name="com.facebook.CustomTabMainActivity" />
287-->[com.facebook.android:facebook-common:4.42.0] AndroidManifest.xml:33:9-71
287-->[com.facebook.android:facebook-common:4.42.0] AndroidManifest.xml:33:19-68
288        <activity android:name="com.facebook.CustomTabActivity" />
288-->[com.facebook.android:facebook-common:4.42.0] AndroidManifest.xml:34:9-67
288-->[com.facebook.android:facebook-common:4.42.0] AndroidManifest.xml:34:19-64
289
290        <service android:name="com.payu.custombrowser.services.SnoozeService" />
290-->[com.payu.custombrowser:payu-custom-browser:7.5.1] AndroidManifest.xml:23:9-81
290-->[com.payu.custombrowser:payu-custom-browser:7.5.1] AndroidManifest.xml:23:18-78
291
292        <activity android:name="com.payu.custombrowser.PreLollipopPaymentsActivity" >
292-->[com.payu.custombrowser:payu-custom-browser:7.5.1] AndroidManifest.xml:25:9-42:20
292-->[com.payu.custombrowser:payu-custom-browser:7.5.1] AndroidManifest.xml:25:19-84
293            <intent-filter>
293-->[com.payu.custombrowser:payu-custom-browser:7.5.1] AndroidManifest.xml:26:13-33:29
294                <data android:scheme="com.amanakashcorporatio.ecomstore.success" />
294-->src\main\AndroidManifest.xml:148:23-66
295
296                <action android:name="android.intent.action.VIEW" />
296-->src\main\AndroidManifest.xml:147:17-69
296-->src\main\AndroidManifest.xml:147:25-66
297
298                <category android:name="android.intent.category.DEFAULT" />